Arguments: 
  C:\Program Files\nodejs\node.exe C:\Users\garce\AppData\Roaming\npm\node_modules\yarn\bin\yarn.js add react-native-vision-camera

PATH: 
  C:\Program Files\Common Files\Oracle\Java\javapath;C:\Program Files (x86)\VMware\VMware Player\bin\;C:\Program Files (x86)\Common Files\Oracle\Java\javapath;C:\Program Files (x86)\Intel\Intel(R) Management Engine Components\iCLS\;C:\Program Files\Intel\Intel(R) Management Engine Components\iCLS\;C:\WINDOWS\system32;C:\WINDOWS;C:\WINDOWS\System32\Wbem;C:\WINDOWS\System32\WindowsPowerShell\v1.0\;C:\WINDOWS\System32\OpenSSH\;C:\Program Files (x86)\Intel\Intel(R) Management Engine Components\DAL;C:\Program Files\Intel\Intel(R) Management Engine Components\DAL;C:\Program Files (x86)\Intel\Intel(R) Management Engine Components\IPT;C:\Program Files\Intel\Intel(R) Management Engine Components\IPT;C:\Program Files\MATLAB\R2022a\bin;C:\Program Files\Git\cmd;C:\Users\garce\AppData\Roaming\nvm;C:\Program Files\nodejs;C:\ProgramData\chocolatey\bin;C:\Program Files\nodejs\;C:\Program Files\OpenJDK\openjdk-11.0.14.1_1\bin;C:\Program Files (x86)\National Instruments\Shared\LabVIEW CLI;C:\Program Files (x86)\IVI Foundation\VISA\WinNT\Bin\;C:\Program Files\IVI Foundation\VISA\Win64\Bin\;C:\Program Files (x86)\IVI Foundation\VISA\WinNT\Bin;C:\Program Files\opencv\build\x64\vc15\bin;C:\Cadence\SPB_16.6\tools\libutil\bin;C:\Cadence\SPB_16.6\openaccess\bin\win32\opt;C:\Cadence\SPB_16.6\tools\pcb\bin;C:\Cadence\SPB_16.6\tools\fet\bin;C:\Cadence\SPB_16.6\tools\capture;C:\Cadence\SPB_16.6\tools\pspice;C:\Cadence\SPB_16.6\tools\specctra\bin;C:\Cadence\SPB_16.6\tools\bin;C:\Users\garce\AppData\Local\Microsoft\WindowsApps;C:\Users\garce\AppData\Local\Programs\Microsoft VS Code\bin;C:\Users\garce\AppData\Roaming\nvm;C:\Program Files\nodejs;C:\Users\garce\AppData\Roaming\npm;C:\Users\garce\AppData\Local\Android\Sdk\platform-tools;C:\Program Files\php

Yarn version: 
  1.22.19

Node version: 
  16.14.2

Platform: 
  win32 x64

Trace: 
  Error: ENOENT: no such file or directory, copyfile 'C:\Users\garce\AppData\Local\Yarn\Cache\v6\npm-react-native-camera-4.2.1-caf74081f055e89d7e9b0cd5108965d808c60e90-integrity\node_modules\react-native-camera\.circleci\config.yml' -> 'C:\Users\garce\Desktop\MASTER\DESPLIEGUE\elCARtua_RnCli\elCARtua\node_modules\react-native-camera\.circleci\config.yml'

npm manifest: 
  {
    "name": "elCARtua",
    "version": "0.0.1",
    "private": true,
    "scripts": {
      "android": "react-native run-android",
      "ios": "react-native run-ios",
      "lint": "eslint .",
      "start": "react-native start",
      "test": "jest"
    },
    "dependencies": {
      "@expo/vector-icons": "^13.0.0",
      "@react-native-async-storage/async-storage": "^1.18.1",
      "@react-native-firebase/app": "^17.5.0",
      "@react-native-firebase/auth": "^17.5.0",
      "@react-native-firebase/database": "^17.5.0",
      "@react-native-google-signin/google-signin": "^9.1.0",
      "@react-navigation/drawer": "^6.6.2",
      "@react-navigation/native": "^6.1.6",
      "@react-navigation/native-stack": "^6.9.12",
      "@react-navigation/stack": "^6.3.16",
      "firebase": "^9.22.0",
      "react": "18.2.0",
      "react-native": "0.71.8",
      "react-native-camera": "^4.2.1",
      "react-native-gesture-handler": "^2.10.1",
      "react-native-reanimated": "^2.14.4",
      "react-native-safe-area-context": "^4.5.3",
      "react-native-screens": "^3.20.0",
      "react-native-vector-icons": "^9.2.0"
    },
    "devDependencies": {
      "@babel/core": "^7.20.0",
      "@babel/preset-env": "^7.20.0",
      "@babel/runtime": "^7.20.0",
      "@react-native-community/eslint-config": "^3.2.0",
      "@tsconfig/react-native": "^2.0.2",
      "@types/jest": "^29.2.1",
      "@types/react": "^18.0.24",
      "@types/react-test-renderer": "^18.0.0",
      "babel-jest": "^29.2.1",
      "eslint": "^8.19.0",
      "jest": "^29.2.1",
      "metro-react-native-babel-preset": "0.73.9",
      "prettier": "^2.4.1",
      "react-test-renderer": "18.2.0",
      "typescript": "4.8.4"
    },
    "jest": {
      "preset": "react-native"
    }
  }

yarn manifest: 
  No manifest

Lockfile: 
  
